2023-10-10T12:32:48.726+09:00  INFO 12944 --- [restartedMain] kr.ch11.Ch11Application                  : Starting Ch11Application using Java 17.0.8.1 with PID 12944 (C:\Users\user\Desktop\Workspace\Spring\Ch11\target\classes started by user in C:\Users\user\Desktop\Workspace\Spring\Ch11)
2023-10-10T12:32:48.726+09:00  INFO 12944 --- [restartedMain] kr.ch11.Ch11Application                  : No active profile set, falling back to 1 default profile: "default"
2023-10-10T12:32:48.809+09:00  INFO 12944 --- [restartedMain] .s.d.r.c.RepositoryConfigurationDelegate : Bootstrapping Spring Data JPA repositories in DEFAULT mode.
2023-10-10T12:32:48.813+09:00  INFO 12944 --- [restartedMain] .s.d.r.c.RepositoryConfigurationDelegate : Finished Spring Data repository scanning in 4 ms. Found 1 JPA repository interfaces.
2023-10-10T12:32:48.834+09:00  WARN 12944 --- [restartedMain] o.m.s.mapper.ClassPathMapperScanner      : No MyBatis mapper was found in '[kr.ch11]' package. Please check your configuration.
2023-10-10T12:32:48.863+09:00  INFO 12944 --- [restartedMain] o.s.b.w.embedded.tomcat.TomcatWebServer  : Tomcat initialized with port(s): 8080 (http)
2023-10-10T12:32:48.863+09:00  INFO 12944 --- [restartedMain] o.apache.catalina.core.StandardService   : Starting service [Tomcat]
2023-10-10T12:32:48.863+09:00  INFO 12944 --- [restartedMain] o.apache.catalina.core.StandardEngine    : Starting Servlet engine: [Apache Tomcat/10.1.13]
2023-10-10T12:32:48.871+09:00  INFO 12944 --- [restartedMain] o.a.c.c.C.[Tomcat].[localhost].[/]       : Initializing Spring embedded WebApplicationContext
2023-10-10T12:32:48.871+09:00  INFO 12944 --- [restartedMain] w.s.c.ServletWebServerApplicationContext : Root WebApplicationContext: initialization completed in 144 ms
2023-10-10T12:32:48.891+09:00  INFO 12944 --- [restartedMain] o.hibernate.jpa.internal.util.LogHelper  : HHH000204: Processing PersistenceUnitInfo [name: default]
2023-10-10T12:32:48.895+09:00  INFO 12944 --- [restartedMain] o.h.b.i.BytecodeProviderInitiator        : HHH000021: Bytecode provider name : bytebuddy
2023-10-10T12:32:48.895+09:00  INFO 12944 --- [restartedMain] o.s.o.j.p.SpringPersistenceUnitInfo      : No LoadTimeWeaver setup: ignoring JPA class transformer
2023-10-10T12:32:48.896+09:00  INFO 12944 --- [restartedMain] com.zaxxer.hikari.HikariDataSource       : HikariPool-5 - Starting...
2023-10-10T12:32:48.902+09:00  INFO 12944 --- [restartedMain] com.zaxxer.hikari.pool.HikariPool        : HikariPool-5 - Added connection com.mysql.cj.jdbc.ConnectionImpl@d4e99fb
2023-10-10T12:32:48.902+09:00  INFO 12944 --- [restartedMain] com.zaxxer.hikari.HikariDataSource       : HikariPool-5 - Start completed.
2023-10-10T12:32:48.902+09:00  WARN 12944 --- [restartedMain] org.hibernate.orm.deprecation            : HHH90000026: MySQL57Dialect has been deprecated; use org.hibernate.dialect.MySQLDialect instead
2023-10-10T12:32:48.905+09:00  INFO 12944 --- [restartedMain] o.h.b.i.BytecodeProviderInitiator        : HHH000021: Bytecode provider name : bytebuddy
2023-10-10T12:32:48.913+09:00  INFO 12944 --- [restartedMain] o.h.e.t.j.p.i.JtaPlatformInitiator       : HHH000490: Using JtaPlatform implementation: [org.hibernate.engine.transaction.jta.platform.internal.NoJtaPlatform]
2023-10-10T12:32:48.918+09:00  INFO 12944 --- [restartedMain] j.LocalContainerEntityManagerFactoryBean : Initialized JPA EntityManagerFactory for persistence unit 'default'
2023-10-10T12:32:48.949+09:00  WARN 12944 --- [restartedMain] JpaBaseConfiguration$JpaWebConfiguration : spring.jpa.open-in-view is enabled by default. Therefore, database queries may be performed during view rendering. Explicitly configure spring.jpa.open-in-view to disable this warning
2023-10-10T12:32:48.956+09:00  INFO 12944 --- [restartedMain] o.s.b.a.w.s.WelcomePageHandlerMapping    : Adding welcome page template: index
2023-10-10T12:32:48.979+09:00  INFO 12944 --- [restartedMain] o.s.s.web.DefaultSecurityFilterChain     : Will secure any request with [org.springframework.security.web.session.DisableEncodeUrlFilter@6dab2d45, org.springframework.security.web.context.request.async.WebAsyncManagerIntegrationFilter@59dbd95d, org.springframework.security.web.context.SecurityContextHolderFilter@2873d82c, org.springframework.security.web.header.HeaderWriterFilter@e599a35, org.springframework.security.web.authentication.logout.LogoutFilter@347ce2c6, kr.ch11.jwt.JwtAuthenticationFilter@42ca0c77, org.springframework.security.web.savedrequest.RequestCacheAwareFilter@362f681f, org.springframework.security.web.servletapi.SecurityContextHolderAwareRequestFilter@7465d4dd, org.springframework.security.web.authentication.AnonymousAuthenticationFilter@47c4a459, org.springframework.security.web.session.SessionManagementFilter@7db8d783, org.springframework.security.web.access.ExceptionTranslationFilter@7b7ca7ca, org.springframework.security.web.access.intercept.AuthorizationFilter@2bd5dbcc]
2023-10-10T12:32:49.005+09:00  INFO 12944 --- [restartedMain] o.s.b.d.a.OptionalLiveReloadServer       : LiveReload server is running on port 35729
2023-10-10T12:32:49.010+09:00  INFO 12944 --- [restartedMain] o.s.b.w.embedded.tomcat.TomcatWebServer  : Tomcat started on port(s): 8080 (http) with context path ''
2023-10-10T12:32:49.012+09:00  INFO 12944 --- [restartedMain] kr.ch11.Ch11Application                  : Started Ch11Application in 0.298 seconds (process running for 736.039)
2023-10-10T12:32:49.013+09:00  INFO 12944 --- [restartedMain] .ConditionEvaluationDeltaLoggingListener : Condition evaluation unchanged
2023-10-10T12:33:02.669+09:00  INFO 12944 --- [File Watcher] rtingClassPathChangeChangedEventListener : Restarting due to 1 class path change (0 additions, 0 deletions, 1 modification)
2023-10-10T12:33:02.671+09:00  INFO 12944 --- [Thread-19] o.apache.catalina.core.StandardService   : Stopping service [Tomcat]
2023-10-10T12:33:02.673+09:00  INFO 12944 --- [Thread-19] j.LocalContainerEntityManagerFactoryBean : Closing JPA EntityManagerFactory for persistence unit 'default'
2023-10-10T12:33:02.673+09:00  INFO 12944 --- [Thread-19] com.zaxxer.hikari.HikariDataSource       : HikariPool-5 - Shutdown initiated...
2023-10-10T12:33:02.675+09:00  INFO 12944 --- [Thread-19] com.zaxxer.hikari.HikariDataSource       : HikariPool-5 - Shutdown completed.
2023-10-10T12:33:02.711+09:00  INFO 12944 --- [restartedMain] kr.ch11.Ch11Application                  : Starting Ch11Application using Java 17.0.8.1 with PID 12944 (C:\Users\user\Desktop\Workspace\Spring\Ch11\target\classes started by user in C:\Users\user\Desktop\Workspace\Spring\Ch11)
2023-10-10T12:33:02.711+09:00  INFO 12944 --- [restartedMain] kr.ch11.Ch11Application                  : No active profile set, falling back to 1 default profile: "default"
2023-10-10T12:33:02.790+09:00  INFO 12944 --- [restartedMain] .s.d.r.c.RepositoryConfigurationDelegate : Bootstrapping Spring Data JPA repositories in DEFAULT mode.
2023-10-10T12:33:02.793+09:00  INFO 12944 --- [restartedMain] .s.d.r.c.RepositoryConfigurationDelegate : Finished Spring Data repository scanning in 3 ms. Found 1 JPA repository interfaces.
2023-10-10T12:33:02.808+09:00  WARN 12944 --- [restartedMain] o.m.s.mapper.ClassPathMapperScanner      : No MyBatis mapper was found in '[kr.ch11]' package. Please check your configuration.
2023-10-10T12:33:02.831+09:00  INFO 12944 --- [restartedMain] o.s.b.w.embedded.tomcat.TomcatWebServer  : Tomcat initialized with port(s): 8080 (http)
2023-10-10T12:33:02.832+09:00  INFO 12944 --- [restartedMain] o.apache.catalina.core.StandardService   : Starting service [Tomcat]
2023-10-10T12:33:02.832+09:00  INFO 12944 --- [restartedMain] o.apache.catalina.core.StandardEngine    : Starting Servlet engine: [Apache Tomcat/10.1.13]
2023-10-10T12:33:02.840+09:00  INFO 12944 --- [restartedMain] o.a.c.c.C.[Tomcat].[localhost].[/]       : Initializing Spring embedded WebApplicationContext
2023-10-10T12:33:02.840+09:00  INFO 12944 --- [restartedMain] w.s.c.ServletWebServerApplicationContext : Root WebApplicationContext: initialization completed in 128 ms
2023-10-10T12:33:02.856+09:00  INFO 12944 --- [restartedMain] o.hibernate.jpa.internal.util.LogHelper  : HHH000204: Processing PersistenceUnitInfo [name: default]
2023-10-10T12:33:02.859+09:00  INFO 12944 --- [restartedMain] o.h.b.i.BytecodeProviderInitiator        : HHH000021: Bytecode provider name : bytebuddy
2023-10-10T12:33:02.860+09:00  INFO 12944 --- [restartedMain] o.s.o.j.p.SpringPersistenceUnitInfo      : No LoadTimeWeaver setup: ignoring JPA class transformer
2023-10-10T12:33:02.860+09:00  INFO 12944 --- [restartedMain] com.zaxxer.hikari.HikariDataSource       : HikariPool-6 - Starting...
2023-10-10T12:33:02.865+09:00  INFO 12944 --- [restartedMain] com.zaxxer.hikari.pool.HikariPool        : HikariPool-6 - Added connection com.mysql.cj.jdbc.ConnectionImpl@27f5e5c6
2023-10-10T12:33:02.866+09:00  INFO 12944 --- [restartedMain] com.zaxxer.hikari.HikariDataSource       : HikariPool-6 - Start completed.
2023-10-10T12:33:02.866+09:00  WARN 12944 --- [restartedMain] org.hibernate.orm.deprecation            : HHH90000026: MySQL57Dialect has been deprecated; use org.hibernate.dialect.MySQLDialect instead
2023-10-10T12:33:02.870+09:00  INFO 12944 --- [restartedMain] o.h.b.i.BytecodeProviderInitiator        : HHH000021: Bytecode provider name : bytebuddy
2023-10-10T12:33:02.878+09:00  INFO 12944 --- [restartedMain] o.h.e.t.j.p.i.JtaPlatformInitiator       : HHH000490: Using JtaPlatform implementation: [org.hibernate.engine.transaction.jta.platform.internal.NoJtaPlatform]
2023-10-10T12:33:02.883+09:00  INFO 12944 --- [restartedMain] j.LocalContainerEntityManagerFactoryBean : Initialized JPA EntityManagerFactory for persistence unit 'default'
2023-10-10T12:33:02.911+09:00  WARN 12944 --- [restartedMain] JpaBaseConfiguration$JpaWebConfiguration : spring.jpa.open-in-view is enabled by default. Therefore, database queries may be performed during view rendering. Explicitly configure spring.jpa.open-in-view to disable this warning
2023-10-10T12:33:02.916+09:00  INFO 12944 --- [restartedMain] o.s.b.a.w.s.WelcomePageHandlerMapping    : Adding welcome page template: index
2023-10-10T12:33:02.934+09:00  INFO 12944 --- [restartedMain] o.s.s.web.DefaultSecurityFilterChain     : Will secure any request with [org.springframework.security.web.session.DisableEncodeUrlFilter@1f7beca4, org.springframework.security.web.context.request.async.WebAsyncManagerIntegrationFilter@374ffbbb, org.springframework.security.web.context.SecurityContextHolderFilter@3a403b5c, org.springframework.security.web.header.HeaderWriterFilter@1c1b5577, org.springframework.security.web.authentication.logout.LogoutFilter@72db58e8, kr.ch11.jwt.JwtAuthenticationFilter@611deb7b, org.springframework.security.web.savedrequest.RequestCacheAwareFilter@2fe43c84, org.springframework.security.web.servletapi.SecurityContextHolderAwareRequestFilter@699264e2, org.springframework.security.web.authentication.AnonymousAuthenticationFilter@337470c3, org.springframework.security.web.session.SessionManagementFilter@2d01b921, org.springframework.security.web.access.ExceptionTranslationFilter@5078b921, org.springframework.security.web.access.intercept.AuthorizationFilter@61a8427]
2023-10-10T12:33:02.955+09:00  INFO 12944 --- [restartedMain] o.s.b.d.a.OptionalLiveReloadServer       : LiveReload server is running on port 35729
2023-10-10T12:33:02.960+09:00  INFO 12944 --- [restartedMain] o.s.b.w.embedded.tomcat.TomcatWebServer  : Tomcat started on port(s): 8080 (http) with context path ''
2023-10-10T12:33:02.962+09:00  INFO 12944 --- [restartedMain] kr.ch11.Ch11Application                  : Started Ch11Application in 0.263 seconds (process running for 749.989)
2023-10-10T12:33:02.962+09:00  INFO 12944 --- [restartedMain] .ConditionEvaluationDeltaLoggingListener : Condition evaluation unchanged
2023-10-10T12:33:20.126+09:00  INFO 12944 --- [http-nio-8080-exec-2] o.a.c.c.C.[Tomcat].[localhost].[/]       : Initializing Spring DispatcherServlet 'dispatcherServlet'
2023-10-10T12:33:20.126+09:00  INFO 12944 --- [http-nio-8080-exec-2] o.s.web.servlet.DispatcherServlet        : Initializing Servlet 'dispatcherServlet'
2023-10-10T12:33:20.127+09:00  INFO 12944 --- [http-nio-8080-exec-2] o.s.web.servlet.DispatcherServlet        : Completed initialization in 1 ms
2023-10-10T12:33:20.127+09:00 DEBUG 12944 --- [http-nio-8080-exec-2] o.s.security.web.FilterChainProxy        : Securing GET /login
2023-10-10T12:33:20.128+09:00  INFO 12944 --- [http-nio-8080-exec-2] kr.ch11.jwt.JwtAuthenticationFilter      : JwtAuthenticationFilter...1
2023-10-10T12:33:20.128+09:00  INFO 12944 --- [http-nio-8080-exec-2] kr.ch11.jwt.JwtAuthenticationFilter      : JwtAuthenticationFilter...2 : Bearer eyJ0eXAiOiJKV1QiLCJhbGciOiJIUzI1NiJ9.eyJpc3MiOiJ3bnMwNTY5QGdtYWlsZS5jb20iLCJpYXQiOjE2OTY5MDgxMTQsImV4cCI6MTY5Njk5NDUxNCwidWlkIjoiYTEwMSIsInJvbGUiOiJBRE1JTiJ9.2g_0MX0_o1bIyz9FaByvJjEJwdtnkVEMgTTwxALfMVY
2023-10-10T12:33:20.128+09:00  INFO 12944 --- [http-nio-8080-exec-2] kr.ch11.jwt.JwtAuthenticationFilter      : JwtAuthenticationFilter...3 : eyJ0eXAiOiJKV1QiLCJhbGciOiJIUzI1NiJ9.eyJpc3MiOiJ3bnMwNTY5QGdtYWlsZS5jb20iLCJpYXQiOjE2OTY5MDgxMTQsImV4cCI6MTY5Njk5NDUxNCwidWlkIjoiYTEwMSIsInJvbGUiOiJBRE1JTiJ9.2g_0MX0_o1bIyz9FaByvJjEJwdtnkVEMgTTwxALfMVY
2023-10-10T12:33:20.129+09:00 ERROR 12944 --- [http-nio-8080-exec-2] o.a.c.c.C.[.[.[/].[dispatcherServlet]    : Servlet.service() for servlet [dispatcherServlet] in context with path [] threw exception

java.lang.NullPointerException: Cannot invoke "kr.ch11.jwt.JwtProvider.validateToken(String)" because "this.jwtProvider" is null
	at kr.ch11.jwt.JwtAuthenticationFilter.doFilterInternal(JwtAuthenticationFilter.java:40) ~[classes/:na]
	at org.springframework.web.filter.OncePerRequestFilter.doFilter(OncePerRequestFilter.java:116) ~[spring-web-6.0.12.jar:6.0.12]
	at org.springframework.security.web.FilterChainProxy$VirtualFilterChain.doFilter(FilterChainProxy.java:374) ~[spring-security-web-6.1.4.jar:6.1.4]
	at org.springframework.security.web.authentication.logout.LogoutFilter.doFilter(LogoutFilter.java:107) ~[spring-security-web-6.1.4.jar:6.1.4]
	at org.springframework.security.web.authentication.logout.LogoutFilter.doFilter(LogoutFilter.java:93) ~[spring-security-web-6.1.4.jar:6.1.4]
	at org.springframework.security.web.FilterChainProxy$VirtualFilterChain.doFilter(FilterChainProxy.java:374) ~[spring-security-web-6.1.4.jar:6.1.4]
	at org.springframework.security.web.header.HeaderWriterFilter.doHeadersAfter(HeaderWriterFilter.java:90) ~[spring-security-web-6.1.4.jar:6.1.4]
	at org.springframework.security.web.header.HeaderWriterFilter.doFilterInternal(HeaderWriterFilter.java:75) ~[spring-security-web-6.1.4.jar:6.1.4]
	at org.springframework.web.filter.OncePerRequestFilter.doFilter(OncePerRequestFilter.java:116) ~[spring-web-6.0.12.jar:6.0.12]
	at org.springframework.security.web.FilterChainProxy$VirtualFilterChain.doFilter(FilterChainProxy.java:374) ~[spring-security-web-6.1.4.jar:6.1.4]
	at org.springframework.security.web.context.SecurityContextHolderFilter.doFilter(SecurityContextHolderFilter.java:82) ~[spring-security-web-6.1.4.jar:6.1.4]
	at org.springframework.security.web.context.SecurityContextHolderFilter.doFilter(SecurityContextHolderFilter.java:69) ~[spring-security-web-6.1.4.jar:6.1.4]
	at org.springframework.security.web.FilterChainProxy$VirtualFilterChain.doFilter(FilterChainProxy.java:374) ~[spring-security-web-6.1.4.jar:6.1.4]
	at org.springframework.security.web.context.request.async.WebAsyncManagerIntegrationFilter.doFilterInternal(WebAsyncManagerIntegrationFilter.java:62) ~[spring-security-web-6.1.4.jar:6.1.4]
	at org.springframework.web.filter.OncePerRequestFilter.doFilter(OncePerRequestFilter.java:116) ~[spring-web-6.0.12.jar:6.0.12]
	at org.springframework.security.web.FilterChainProxy$VirtualFilterChain.doFilter(FilterChainProxy.java:374) ~[spring-security-web-6.1.4.jar:6.1.4]
	at org.springframework.security.web.session.DisableEncodeUrlFilter.doFilterInternal(DisableEncodeUrlFilter.java:42) ~[spring-security-web-6.1.4.jar:6.1.4]
	at org.springframework.web.filter.OncePerRequestFilter.doFilter(OncePerRequestFilter.java:116) ~[spring-web-6.0.12.jar:6.0.12]
	at org.springframework.security.web.FilterChainProxy$VirtualFilterChain.doFilter(FilterChainProxy.java:374) ~[spring-security-web-6.1.4.jar:6.1.4]
	at org.springframework.security.web.FilterChainProxy.doFilterInternal(FilterChainProxy.java:233) ~[spring-security-web-6.1.4.jar:6.1.4]
	at org.springframework.security.web.FilterChainProxy.doFilter(FilterChainProxy.java:191) ~[spring-security-web-6.1.4.jar:6.1.4]
	at org.springframework.web.filter.DelegatingFilterProxy.invokeDelegate(DelegatingFilterProxy.java:352) ~[spring-web-6.0.12.jar:6.0.12]
	at org.springframework.web.filter.DelegatingFilterProxy.doFilter(DelegatingFilterProxy.java:268) ~[spring-web-6.0.12.jar:6.0.12]
	at org.apache.catalina.core.ApplicationFilterChain.internalDoFilter(ApplicationFilterChain.java:174) ~[tomcat-embed-core-10.1.13.jar:10.1.13]
	at org.apache.catalina.core.ApplicationFilterChain.doFilter(ApplicationFilterChain.java:149) ~[tomcat-embed-core-10.1.13.jar:10.1.13]
	at org.springframework.web.filter.RequestContextFilter.doFilterInternal(RequestContextFilter.java:100) ~[spring-web-6.0.12.jar:6.0.12]
	at org.springframework.web.filter.OncePerRequestFilter.doFilter(OncePerRequestFilter.java:116) ~[spring-web-6.0.12.jar:6.0.12]
	at org.apache.catalina.core.ApplicationFilterChain.internalDoFilter(ApplicationFilterChain.java:174) ~[tomcat-embed-core-10.1.13.jar:10.1.13]
	at org.apache.catalina.core.ApplicationFilterChain.doFilter(ApplicationFilterChain.java:149) ~[tomcat-embed-core-10.1.13.jar:10.1.13]
	at org.springframework.web.filter.FormContentFilter.doFilterInternal(FormContentFilter.java:93) ~[spring-web-6.0.12.jar:6.0.12]
	at org.springframework.web.filter.OncePerRequestFilter.doFilter(OncePerRequestFilter.java:116) ~[spring-web-6.0.12.jar:6.0.12]
	at org.apache.catalina.core.ApplicationFilterChain.internalDoFilter(ApplicationFilterChain.java:174) ~[tomcat-embed-core-10.1.13.jar:10.1.13]
	at org.apache.catalina.core.ApplicationFilterChain.doFilter(ApplicationFilterChain.java:149) ~[tomcat-embed-core-10.1.13.jar:10.1.13]
	at org.springframework.web.filter.CharacterEncodingFilter.doFilterInternal(CharacterEncodingFilter.java:201) ~[spring-web-6.0.12.jar:6.0.12]
	at org.springframework.web.filter.OncePerRequestFilter.doFilter(OncePerRequestFilter.java:116) ~[spring-web-6.0.12.jar:6.0.12]
	at org.apache.catalina.core.ApplicationFilterChain.internalDoFilter(ApplicationFilterChain.java:174) ~[tomcat-embed-core-10.1.13.jar:10.1.13]
	at org.apache.catalina.core.ApplicationFilterChain.doFilter(ApplicationFilterChain.java:149) ~[tomcat-embed-core-10.1.13.jar:10.1.13]
	at org.apache.catalina.core.StandardWrapperValve.invoke(StandardWrapperValve.java:167) ~[tomcat-embed-core-10.1.13.jar:10.1.13]
	at org.apache.catalina.core.StandardContextValve.invoke(StandardContextValve.java:90) ~[tomcat-embed-core-10.1.13.jar:10.1.13]
	at org.apache.catalina.authenticator.AuthenticatorBase.invoke(AuthenticatorBase.java:482) ~[tomcat-embed-core-10.1.13.jar:10.1.13]
	at org.apache.catalina.core.StandardHostValve.invoke(StandardHostValve.java:115) ~[tomcat-embed-core-10.1.13.jar:10.1.13]
	at org.apache.catalina.valves.ErrorReportValve.invoke(ErrorReportValve.java:93) ~[tomcat-embed-core-10.1.13.jar:10.1.13]
	at org.apache.catalina.core.StandardEngineValve.invoke(StandardEngineValve.java:74) ~[tomcat-embed-core-10.1.13.jar:10.1.13]
	at org.apache.catalina.connector.CoyoteAdapter.service(CoyoteAdapter.java:341) ~[tomcat-embed-core-10.1.13.jar:10.1.13]
	at org.apache.coyote.http11.Http11Processor.service(Http11Processor.java:391) ~[tomcat-embed-core-10.1.13.jar:10.1.13]
	at org.apache.coyote.AbstractProcessorLight.process(AbstractProcessorLight.java:63) ~[tomcat-embed-core-10.1.13.jar:10.1.13]
	at org.apache.coyote.AbstractProtocol$ConnectionHandler.process(AbstractProtocol.java:894) ~[tomcat-embed-core-10.1.13.jar:10.1.13]
	at org.apache.tomcat.util.net.NioEndpoint$SocketProcessor.doRun(NioEndpoint.java:1740) ~[tomcat-embed-core-10.1.13.jar:10.1.13]
	at org.apache.tomcat.util.net.SocketProcessorBase.run(SocketProcessorBase.java:52) ~[tomcat-embed-core-10.1.13.jar:10.1.13]
	at org.apache.tomcat.util.threads.ThreadPoolExecutor.runWorker(ThreadPoolExecutor.java:1191) ~[tomcat-embed-core-10.1.13.jar:10.1.13]
	at org.apache.tomcat.util.threads.ThreadPoolExecutor$Worker.run(ThreadPoolExecutor.java:659) ~[tomcat-embed-core-10.1.13.jar:10.1.13]
	at org.apache.tomcat.util.threads.TaskThread$WrappingRunnable.run(TaskThread.java:61) ~[tomcat-embed-core-10.1.13.jar:10.1.13]
	at java.base/java.lang.Thread.run(Thread.java:833) ~[na:na]

2023-10-10T12:33:20.130+09:00 DEBUG 12944 --- [http-nio-8080-exec-2] o.s.security.web.FilterChainProxy        : Securing GET /error
2023-10-10T12:33:20.130+09:00 DEBUG 12944 --- [http-nio-8080-exec-2] o.s.s.w.a.AnonymousAuthenticationFilter  : Set SecurityContextHolder to anonymous SecurityContext
2023-10-10T12:33:20.130+09:00 DEBUG 12944 --- [http-nio-8080-exec-2] o.s.security.web.FilterChainProxy        : Secured GET /error
2023-10-10T12:34:42.144+09:00  INFO 12944 --- [File Watcher] rtingClassPathChangeChangedEventListener : Restarting due to 3 class path changes (1 addition, 0 deletions, 2 modifications)
2023-10-10T12:34:42.147+09:00  INFO 12944 --- [Thread-23] o.apache.catalina.core.StandardService   : Stopping service [Tomcat]
2023-10-10T12:34:42.147+09:00  INFO 12944 --- [Thread-23] o.a.c.c.C.[Tomcat].[localhost].[/]       : Destroying Spring FrameworkServlet 'dispatcherServlet'
2023-10-10T12:34:42.149+09:00  INFO 12944 --- [Thread-23] j.LocalContainerEntityManagerFactoryBean : Closing JPA EntityManagerFactory for persistence unit 'default'
2023-10-10T12:34:42.149+09:00  INFO 12944 --- [Thread-23] com.zaxxer.hikari.HikariDataSource       : HikariPool-6 - Shutdown initiated...
2023-10-10T12:34:42.150+09:00  INFO 12944 --- [Thread-23] com.zaxxer.hikari.HikariDataSource       : HikariPool-6 - Shutdown completed.
2023-10-10T12:34:42.186+09:00  INFO 12944 --- [restartedMain] kr.ch11.Ch11Application                  : Starting Ch11Application using Java 17.0.8.1 with PID 12944 (C:\Users\user\Desktop\Workspace\Spring\Ch11\target\classes started by user in C:\Users\user\Desktop\Workspace\Spring\Ch11)
2023-10-10T12:34:42.186+09:00  INFO 12944 --- [restartedMain] kr.ch11.Ch11Application                  : No active profile set, falling back to 1 default profile: "default"
2023-10-10T12:34:42.262+09:00  INFO 12944 --- [restartedMain] .s.d.r.c.RepositoryConfigurationDelegate : Bootstrapping Spring Data JPA repositories in DEFAULT mode.
2023-10-10T12:34:42.265+09:00  INFO 12944 --- [restartedMain] .s.d.r.c.RepositoryConfigurationDelegate : Finished Spring Data repository scanning in 3 ms. Found 1 JPA repository interfaces.
2023-10-10T12:34:42.280+09:00  WARN 12944 --- [restartedMain] o.m.s.mapper.ClassPathMapperScanner      : No MyBatis mapper was found in '[kr.ch11]' package. Please check your configuration.
2023-10-10T12:34:42.303+09:00  INFO 12944 --- [restartedMain] o.s.b.w.embedded.tomcat.TomcatWebServer  : Tomcat initialized with port(s): 8080 (http)
2023-10-10T12:34:42.303+09:00  INFO 12944 --- [restartedMain] o.apache.catalina.core.StandardService   : Starting service [Tomcat]
2023-10-10T12:34:42.303+09:00  INFO 12944 --- [restartedMain] o.apache.catalina.core.StandardEngine    : Starting Servlet engine: [Apache Tomcat/10.1.13]
2023-10-10T12:34:42.311+09:00  INFO 12944 --- [restartedMain] o.a.c.c.C.[Tomcat].[localhost].[/]       : Initializing Spring embedded WebApplicationContext
2023-10-10T12:34:42.311+09:00  INFO 12944 --- [restartedMain] w.s.c.ServletWebServerApplicationContext : Root WebApplicationContext: initialization completed in 124 ms
2023-10-10T12:34:42.329+09:00  INFO 12944 --- [restartedMain] o.hibernate.jpa.internal.util.LogHelper  : HHH000204: Processing PersistenceUnitInfo [name: default]
2023-10-10T12:34:42.332+09:00  INFO 12944 --- [restartedMain] o.h.b.i.BytecodeProviderInitiator        : HHH000021: Bytecode provider name : bytebuddy
2023-10-10T12:34:42.332+09:00  INFO 12944 --- [restartedMain] o.s.o.j.p.SpringPersistenceUnitInfo      : No LoadTimeWeaver setup: ignoring JPA class transformer
2023-10-10T12:34:42.333+09:00  INFO 12944 --- [restartedMain] com.zaxxer.hikari.HikariDataSource       : HikariPool-7 - Starting...
2023-10-10T12:34:42.339+09:00  INFO 12944 --- [restartedMain] com.zaxxer.hikari.pool.HikariPool        : HikariPool-7 - Added connection com.mysql.cj.jdbc.ConnectionImpl@58073c83
2023-10-10T12:34:42.339+09:00  INFO 12944 --- [restartedMain] com.zaxxer.hikari.HikariDataSource       : HikariPool-7 - Start completed.
2023-10-10T12:34:42.339+09:00  WARN 12944 --- [restartedMain] org.hibernate.orm.deprecation            : HHH90000026: MySQL57Dialect has been deprecated; use org.hibernate.dialect.MySQLDialect instead
2023-10-10T12:34:42.342+09:00  INFO 12944 --- [restartedMain] o.h.b.i.BytecodeProviderInitiator        : HHH000021: Bytecode provider name : bytebuddy
2023-10-10T12:34:42.350+09:00  INFO 12944 --- [restartedMain] o.h.e.t.j.p.i.JtaPlatformInitiator       : HHH000490: Using JtaPlatform implementation: [org.hibernate.engine.transaction.jta.platform.internal.NoJtaPlatform]
2023-10-10T12:34:42.355+09:00  INFO 12944 --- [restartedMain] j.LocalContainerEntityManagerFactoryBean : Initialized JPA EntityManagerFactory for persistence unit 'default'
2023-10-10T12:34:42.381+09:00  WARN 12944 --- [restartedMain] JpaBaseConfiguration$JpaWebConfiguration : spring.jpa.open-in-view is enabled by default. Therefore, database queries may be performed during view rendering. Explicitly configure spring.jpa.open-in-view to disable this warning
2023-10-10T12:34:42.385+09:00  WARN 12944 --- [restartedMain] ConfigServletWebServerApplicationContext : Exception encountered during context initialization - cancelling refresh attempt: org.springframework.beans.factory.BeanCreationException: Error creating bean with name 'filterChain' defined in class path resource [kr/ch11/security/SecurityConfiguration.class]: Failed to instantiate [org.springframework.security.web.SecurityFilterChain]: Factory method 'filterChain' threw exception with message: Unresolved compilation problem: 
	The constructor JwtAuthenticationFilter() is undefined

2023-10-10T12:34:42.385+09:00  INFO 12944 --- [restartedMain] j.LocalContainerEntityManagerFactoryBean : Closing JPA EntityManagerFactory for persistence unit 'default'
2023-10-10T12:34:42.385+09:00  INFO 12944 --- [restartedMain] com.zaxxer.hikari.HikariDataSource       : HikariPool-7 - Shutdown initiated...
2023-10-10T12:34:42.386+09:00  INFO 12944 --- [restartedMain] com.zaxxer.hikari.HikariDataSource       : HikariPool-7 - Shutdown completed.
2023-10-10T12:34:42.386+09:00  INFO 12944 --- [restartedMain] o.apache.catalina.core.StandardService   : Stopping service [Tomcat]
2023-10-10T12:34:42.389+09:00  INFO 12944 --- [restartedMain] .s.b.a.l.ConditionEvaluationReportLogger : 

Error starting ApplicationContext. To display the condition evaluation report re-run your application with 'debug' enabled.
2023-10-10T12:34:42.399+09:00 ERROR 12944 --- [restartedMain] o.s.boot.SpringApplication               : Application run failed

org.springframework.beans.factory.BeanCreationException: Error creating bean with name 'filterChain' defined in class path resource [kr/ch11/security/SecurityConfiguration.class]: Failed to instantiate [org.springframework.security.web.SecurityFilterChain]: Factory method 'filterChain' threw exception with message: Unresolved compilation problem: 
	The constructor JwtAuthenticationFilter() is undefined

	at org.springframework.beans.factory.support.ConstructorResolver.instantiate(ConstructorResolver.java:654) ~[spring-beans-6.0.12.jar:6.0.12]
	at org.springframework.beans.factory.support.ConstructorResolver.instantiateUsingFactoryMethod(ConstructorResolver.java:642) ~[spring-beans-6.0.12.jar:6.0.12]
	at org.springframework.beans.factory.support.AbstractAutowireCapableBeanFactory.instantiateUsingFactoryMethod(AbstractAutowireCapableBeanFactory.java:1332) ~[spring-beans-6.0.12.jar:6.0.12]
	at org.springframework.beans.factory.support.AbstractAutowireCapableBeanFactory.createBeanInstance(AbstractAutowireCapableBeanFactory.java:1162) ~[spring-beans-6.0.12.jar:6.0.12]
	at org.springframework.beans.factory.support.AbstractAutowireCapableBeanFactory.doCreateBean(AbstractAutowireCapableBeanFactory.java:560) ~[spring-beans-6.0.12.jar:6.0.12]
	at org.springframework.beans.factory.support.AbstractAutowireCapableBeanFactory.createBean(AbstractAutowireCapableBeanFactory.java:520) ~[spring-beans-6.0.12.jar:6.0.12]
	at org.springframework.beans.factory.support.AbstractBeanFactory.lambda$doGetBean$0(AbstractBeanFactory.java:325) ~[spring-beans-6.0.12.jar:6.0.12]
	at org.springframework.beans.factory.support.DefaultSingletonBeanRegistry.getSingleton(DefaultSingletonBeanRegistry.java:234) ~[spring-beans-6.0.12.jar:6.0.12]
	at org.springframework.beans.factory.support.AbstractBeanFactory.doGetBean(AbstractBeanFactory.java:323) ~[spring-beans-6.0.12.jar:6.0.12]
	at org.springframework.beans.factory.support.AbstractBeanFactory.getBean(AbstractBeanFactory.java:199) ~[spring-beans-6.0.12.jar:6.0.12]
	at org.springframework.beans.factory.support.DefaultListableBeanFactory.preInstantiateSingletons(DefaultListableBeanFactory.java:973) ~[spring-beans-6.0.12.jar:6.0.12]
	at org.springframework.context.support.AbstractApplicationContext.finishBeanFactoryInitialization(AbstractApplicationContext.java:942) ~[spring-context-6.0.12.jar:6.0.12]
	at org.springframework.context.support.AbstractApplicationContext.refresh(AbstractApplicationContext.java:608) ~[spring-context-6.0.12.jar:6.0.12]
	at org.springframework.boot.web.servlet.context.ServletWebServerApplicationContext.refresh(ServletWebServerApplicationContext.java:146) ~[spring-boot-3.1.4.jar:3.1.4]
	at org.springframework.boot.SpringApplication.refresh(SpringApplication.java:737) ~[spring-boot-3.1.4.jar:3.1.4]
	at org.springframework.boot.SpringApplication.refreshContext(SpringApplication.java:439) ~[spring-boot-3.1.4.jar:3.1.4]
	at org.springframework.boot.SpringApplication.run(SpringApplication.java:315) ~[spring-boot-3.1.4.jar:3.1.4]
	at org.springframework.boot.SpringApplication.run(SpringApplication.java:1309) ~[spring-boot-3.1.4.jar:3.1.4]
	at org.springframework.boot.SpringApplication.run(SpringApplication.java:1298) ~[spring-boot-3.1.4.jar:3.1.4]
	at kr.ch11.Ch11Application.main(Ch11Application.java:10) ~[classes/:na]
	at java.base/jdk.internal.reflect.NativeMethodAccessorImpl.invoke0(Native Method) ~[na:na]
	at java.base/jdk.internal.reflect.NativeMethodAccessorImpl.invoke(NativeMethodAccessorImpl.java:77) ~[na:na]
	at java.base/jdk.internal.reflect.DelegatingMethodAccessorImpl.invoke(DelegatingMethodAccessorImpl.java:43) ~[na:na]
	at java.base/java.lang.reflect.Method.invoke(Method.java:568) ~[na:na]
	at org.springframework.boot.devtools.restart.RestartLauncher.run(RestartLauncher.java:50) ~[spring-boot-devtools-3.1.4.jar:3.1.4]
Caused by: org.springframework.beans.BeanInstantiationException: Failed to instantiate [org.springframework.security.web.SecurityFilterChain]: Factory method 'filterChain' threw exception with message: Unresolved compilation problem: 
	The constructor JwtAuthenticationFilter() is undefined

	at org.springframework.beans.factory.support.SimpleInstantiationStrategy.instantiate(SimpleInstantiationStrategy.java:171) ~[spring-beans-6.0.12.jar:6.0.12]
	at org.springframework.beans.factory.support.ConstructorResolver.instantiate(ConstructorResolver.java:650) ~[spring-beans-6.0.12.jar:6.0.12]
	... 24 common frames omitted
Caused by: java.lang.Error: Unresolved compilation problem: 
	The constructor JwtAuthenticationFilter() is undefined

	at kr.ch11.security.SecurityConfiguration.filterChain(SecurityConfiguration.java:42) ~[classes/:na]
	at kr.ch11.security.SecurityConfiguration$$SpringCGLIB$$0.CGLIB$filterChain$0(<generated>) ~[classes/:na]
	at kr.ch11.security.SecurityConfiguration$$SpringCGLIB$$2.invoke(<generated>) ~[classes/:na]
	at org.springframework.cglib.proxy.MethodProxy.invokeSuper(MethodProxy.java:258) ~[spring-core-6.0.12.jar:6.0.12]
	at org.springframework.context.annotation.ConfigurationClassEnhancer$BeanMethodInterceptor.intercept(ConfigurationClassEnhancer.java:331) ~[spring-context-6.0.12.jar:6.0.12]
	at kr.ch11.security.SecurityConfiguration$$SpringCGLIB$$0.filterChain(<generated>) ~[classes/:na]
	at java.base/jdk.internal.reflect.NativeMethodAccessorImpl.invoke0(Native Method) ~[na:na]
	at java.base/jdk.internal.reflect.NativeMethodAccessorImpl.invoke(NativeMethodAccessorImpl.java:77) ~[na:na]
	at java.base/jdk.internal.reflect.DelegatingMethodAccessorImpl.invoke(DelegatingMethodAccessorImpl.java:43) ~[na:na]
	at java.base/java.lang.reflect.Method.invoke(Method.java:568) ~[na:na]
	at org.springframework.beans.factory.support.SimpleInstantiationStrategy.instantiate(SimpleInstantiationStrategy.java:139) ~[spring-beans-6.0.12.jar:6.0.12]
	... 25 common frames omitted

2023-10-10T12:35:57.134+09:00  INFO 12944 --- [restartedMain] kr.ch11.Ch11Application                  : Starting Ch11Application using Java 17.0.8.1 with PID 12944 (C:\Users\user\Desktop\Workspace\Spring\Ch11\target\classes started by user in C:\Users\user\Desktop\Workspace\Spring\Ch11)
2023-10-10T12:35:57.135+09:00  INFO 12944 --- [restartedMain] kr.ch11.Ch11Application                  : No active profile set, falling back to 1 default profile: "default"
2023-10-10T12:35:57.211+09:00  INFO 12944 --- [restartedMain] .s.d.r.c.RepositoryConfigurationDelegate : Bootstrapping Spring Data JPA repositories in DEFAULT mode.
2023-10-10T12:35:57.214+09:00  INFO 12944 --- [restartedMain] .s.d.r.c.RepositoryConfigurationDelegate : Finished Spring Data repository scanning in 3 ms. Found 1 JPA repository interfaces.
2023-10-10T12:35:57.229+09:00  WARN 12944 --- [restartedMain] o.m.s.mapper.ClassPathMapperScanner      : No MyBatis mapper was found in '[kr.ch11]' package. Please check your configuration.
2023-10-10T12:35:57.253+09:00  INFO 12944 --- [restartedMain] o.s.b.w.embedded.tomcat.TomcatWebServer  : Tomcat initialized with port(s): 8080 (http)
2023-10-10T12:35:57.254+09:00  INFO 12944 --- [restartedMain] o.apache.catalina.core.StandardService   : Starting service [Tomcat]
2023-10-10T12:35:57.254+09:00  INFO 12944 --- [restartedMain] o.apache.catalina.core.StandardEngine    : Starting Servlet engine: [Apache Tomcat/10.1.13]
2023-10-10T12:35:57.262+09:00  INFO 12944 --- [restartedMain] o.a.c.c.C.[Tomcat-1].[localhost].[/]     : Initializing Spring embedded WebApplicationContext
2023-10-10T12:35:57.262+09:00  INFO 12944 --- [restartedMain] w.s.c.ServletWebServerApplicationContext : Root WebApplicationContext: initialization completed in 127 ms
2023-10-10T12:35:57.277+09:00  INFO 12944 --- [restartedMain] o.hibernate.jpa.internal.util.LogHelper  : HHH000204: Processing PersistenceUnitInfo [name: default]
2023-10-10T12:35:57.281+09:00  INFO 12944 --- [restartedMain] o.h.b.i.BytecodeProviderInitiator        : HHH000021: Bytecode provider name : bytebuddy
2023-10-10T12:35:57.281+09:00  INFO 12944 --- [restartedMain] o.s.o.j.p.SpringPersistenceUnitInfo      : No LoadTimeWeaver setup: ignoring JPA class transformer
2023-10-10T12:35:57.281+09:00  INFO 12944 --- [restartedMain] com.zaxxer.hikari.HikariDataSource       : HikariPool-8 - Starting...
2023-10-10T12:35:57.287+09:00  INFO 12944 --- [restartedMain] com.zaxxer.hikari.pool.HikariPool        : HikariPool-8 - Added connection com.mysql.cj.jdbc.ConnectionImpl@17184e69
2023-10-10T12:35:57.287+09:00  INFO 12944 --- [restartedMain] com.zaxxer.hikari.HikariDataSource       : HikariPool-8 - Start completed.
2023-10-10T12:35:57.287+09:00  WARN 12944 --- [restartedMain] org.hibernate.orm.deprecation            : HHH90000026: MySQL57Dialect has been deprecated; use org.hibernate.dialect.MySQLDialect instead
2023-10-10T12:35:57.291+09:00  INFO 12944 --- [restartedMain] o.h.b.i.BytecodeProviderInitiator        : HHH000021: Bytecode provider name : bytebuddy
2023-10-10T12:35:57.299+09:00  INFO 12944 --- [restartedMain] o.h.e.t.j.p.i.JtaPlatformInitiator       : HHH000490: Using JtaPlatform implementation: [org.hibernate.engine.transaction.jta.platform.internal.NoJtaPlatform]
2023-10-10T12:35:57.304+09:00  INFO 12944 --- [restartedMain] j.LocalContainerEntityManagerFactoryBean : Initialized JPA EntityManagerFactory for persistence unit 'default'
2023-10-10T12:35:57.307+09:00  WARN 12944 --- [restartedMain] ConfigServletWebServerApplicationContext : Exception encountered during context initialization - cancelling refresh attempt: org.springframework.beans.factory.UnsatisfiedDependencyException: Error creating bean with name 'userController' defined in file [C:\Users\user\Desktop\Workspace\Spring\Ch11\target\classes\kr\ch11\controller\UserController.class]: Unsatisfied dependency expressed through constructor parameter 0: Error creating bean with name 'securityConfiguration' defined in file [C:\Users\user\Desktop\Workspace\Spring\Ch11\target\classes\kr\ch11\security\SecurityConfiguration.class]: Failed to instantiate [kr.ch11.security.SecurityConfiguration$$SpringCGLIB$$0]: Constructor threw exception
2023-10-10T12:35:57.307+09:00  INFO 12944 --- [restartedMain] j.LocalContainerEntityManagerFactoryBean : Closing JPA EntityManagerFactory for persistence unit 'default'
2023-10-10T12:35:57.307+09:00  INFO 12944 --- [restartedMain] com.zaxxer.hikari.HikariDataSource       : HikariPool-8 - Shutdown initiated...
2023-10-10T12:35:57.308+09:00  INFO 12944 --- [restartedMain] com.zaxxer.hikari.HikariDataSource       : HikariPool-8 - Shutdown completed.
2023-10-10T12:35:57.308+09:00  INFO 12944 --- [restartedMain] o.apache.catalina.core.StandardService   : Stopping service [Tomcat]
2023-10-10T12:35:57.311+09:00  INFO 12944 --- [restartedMain] .s.b.a.l.ConditionEvaluationReportLogger : 

Error starting ApplicationContext. To display the condition evaluation report re-run your application with 'debug' enabled.
2023-10-10T12:35:57.313+09:00 ERROR 12944 --- [restartedMain] o.s.boot.SpringApplication               : Application run failed

org.springframework.beans.factory.UnsatisfiedDependencyException: Error creating bean with name 'userController' defined in file [C:\Users\user\Desktop\Workspace\Spring\Ch11\target\classes\kr\ch11\controller\UserController.class]: Unsatisfied dependency expressed through constructor parameter 0: Error creating bean with name 'securityConfiguration' defined in file [C:\Users\user\Desktop\Workspace\Spring\Ch11\target\classes\kr\ch11\security\SecurityConfiguration.class]: Failed to instantiate [kr.ch11.security.SecurityConfiguration$$SpringCGLIB$$0]: Constructor threw exception
	at org.springframework.beans.factory.support.ConstructorResolver.createArgumentArray(ConstructorResolver.java:801) ~[spring-beans-6.0.12.jar:6.0.12]
	at org.springframework.beans.factory.support.ConstructorResolver.autowireConstructor(ConstructorResolver.java:240) ~[spring-beans-6.0.12.jar:6.0.12]
	at org.springframework.beans.factory.support.AbstractAutowireCapableBeanFactory.autowireConstructor(AbstractAutowireCapableBeanFactory.java:1352) ~[spring-beans-6.0.12.jar:6.0.12]
	at org.springframework.beans.factory.support.AbstractAutowireCapableBeanFactory.createBeanInstance(AbstractAutowireCapableBeanFactory.java:1189) ~[spring-beans-6.0.12.jar:6.0.12]
	at org.springframework.beans.factory.support.AbstractAutowireCapableBeanFactory.doCreateBean(AbstractAutowireCapableBeanFactory.java:560) ~[spring-beans-6.0.12.jar:6.0.12]
	at org.springframework.beans.factory.support.AbstractAutowireCapableBeanFactory.createBean(AbstractAutowireCapableBeanFactory.java:520) ~[spring-beans-6.0.12.jar:6.0.12]
	at org.springframework.beans.factory.support.AbstractBeanFactory.lambda$doGetBean$0(AbstractBeanFactory.java:325) ~[spring-beans-6.0.12.jar:6.0.12]
	at org.springframework.beans.factory.support.DefaultSingletonBeanRegistry.getSingleton(DefaultSingletonBeanRegistry.java:234) ~[spring-beans-6.0.12.jar:6.0.12]
	at org.springframework.beans.factory.support.AbstractBeanFactory.doGetBean(AbstractBeanFactory.java:323) ~[spring-beans-6.0.12.jar:6.0.12]
	at org.springframework.beans.factory.support.AbstractBeanFactory.getBean(AbstractBeanFactory.java:199) ~[spring-beans-6.0.12.jar:6.0.12]
	at org.springframework.beans.factory.support.DefaultListableBeanFactory.preInstantiateSingletons(DefaultListableBeanFactory.java:973) ~[spring-beans-6.0.12.jar:6.0.12]
	at org.springframework.context.support.AbstractApplicationContext.finishBeanFactoryInitialization(AbstractApplicationContext.java:942) ~[spring-context-6.0.12.jar:6.0.12]
	at org.springframework.context.support.AbstractApplicationContext.refresh(AbstractApplicationContext.java:608) ~[spring-context-6.0.12.jar:6.0.12]
	at org.springframework.boot.web.servlet.context.ServletWebServerApplicationContext.refresh(ServletWebServerApplicationContext.java:146) ~[spring-boot-3.1.4.jar:3.1.4]
	at org.springframework.boot.SpringApplication.refresh(SpringApplication.java:737) ~[spring-boot-3.1.4.jar:3.1.4]
	at org.springframework.boot.SpringApplication.refreshContext(SpringApplication.java:439) ~[spring-boot-3.1.4.jar:3.1.4]
	at org.springframework.boot.SpringApplication.run(SpringApplication.java:315) ~[spring-boot-3.1.4.jar:3.1.4]
	at org.springframework.boot.SpringApplication.run(SpringApplication.java:1309) ~[spring-boot-3.1.4.jar:3.1.4]
	at org.springframework.boot.SpringApplication.run(SpringApplication.java:1298) ~[spring-boot-3.1.4.jar:3.1.4]
	at kr.ch11.Ch11Application.main(Ch11Application.java:10) ~[classes/:na]
	at java.base/jdk.internal.reflect.NativeMethodAccessorImpl.invoke0(Native Method) ~[na:na]
	at java.base/jdk.internal.reflect.NativeMethodAccessorImpl.invoke(NativeMethodAccessorImpl.java:77) ~[na:na]
	at java.base/jdk.internal.reflect.DelegatingMethodAccessorImpl.invoke(DelegatingMethodAccessorImpl.java:43) ~[na:na]
	at java.base/java.lang.reflect.Method.invoke(Method.java:568) ~[na:na]
	at org.springframework.boot.devtools.restart.RestartLauncher.run(RestartLauncher.java:50) ~[spring-boot-devtools-3.1.4.jar:3.1.4]
Caused by: org.springframework.beans.factory.BeanCreationException: Error creating bean with name 'securityConfiguration' defined in file [C:\Users\user\Desktop\Workspace\Spring\Ch11\target\classes\kr\ch11\security\SecurityConfiguration.class]: Failed to instantiate [kr.ch11.security.SecurityConfiguration$$SpringCGLIB$$0]: Constructor threw exception
	at org.springframework.beans.factory.support.AbstractAutowireCapableBeanFactory.instantiateBean(AbstractAutowireCapableBeanFactory.java:1314) ~[spring-beans-6.0.12.jar:6.0.12]
	at org.springframework.beans.factory.support.AbstractAutowireCapableBeanFactory.createBeanInstance(AbstractAutowireCapableBeanFactory.java:1199) ~[spring-beans-6.0.12.jar:6.0.12]
	at org.springframework.beans.factory.support.AbstractAutowireCapableBeanFactory.doCreateBean(AbstractAutowireCapableBeanFactory.java:560) ~[spring-beans-6.0.12.jar:6.0.12]
	at org.springframework.beans.factory.support.AbstractAutowireCapableBeanFactory.createBean(AbstractAutowireCapableBeanFactory.java:520) ~[spring-beans-6.0.12.jar:6.0.12]
	at org.springframework.beans.factory.support.AbstractBeanFactory.lambda$doGetBean$0(AbstractBeanFactory.java:325) ~[spring-beans-6.0.12.jar:6.0.12]
	at org.springframework.beans.factory.support.DefaultSingletonBeanRegistry.getSingleton(DefaultSingletonBeanRegistry.java:234) ~[spring-beans-6.0.12.jar:6.0.12]
	at org.springframework.beans.factory.support.AbstractBeanFactory.doGetBean(AbstractBeanFactory.java:323) ~[spring-beans-6.0.12.jar:6.0.12]
	at org.springframework.beans.factory.support.AbstractBeanFactory.getBean(AbstractBeanFactory.java:199) ~[spring-beans-6.0.12.jar:6.0.12]
	at org.springframework.beans.factory.support.ConstructorResolver.instantiateUsingFactoryMethod(ConstructorResolver.java:412) ~[spring-beans-6.0.12.jar:6.0.12]
	at org.springframework.beans.factory.support.AbstractAutowireCapableBeanFactory.instantiateUsingFactoryMethod(AbstractAutowireCapableBeanFactory.java:1332) ~[spring-beans-6.0.12.jar:6.0.12]
	at org.springframework.beans.factory.support.AbstractAutowireCapableBeanFactory.createBeanInstance(AbstractAutowireCapableBeanFactory.java:1162) ~[spring-beans-6.0.12.jar:6.0.12]
	at org.springframework.beans.factory.support.AbstractAutowireCapableBeanFactory.doCreateBean(AbstractAutowireCapableBeanFactory.java:560) ~[spring-beans-6.0.12.jar:6.0.12]
	at org.springframework.beans.factory.support.AbstractAutowireCapableBeanFactory.createBean(AbstractAutowireCapableBeanFactory.java:520) ~[spring-beans-6.0.12.jar:6.0.12]
	at org.springframework.beans.factory.support.AbstractBeanFactory.lambda$doGetBean$0(AbstractBeanFactory.java:325) ~[spring-beans-6.0.12.jar:6.0.12]
	at org.springframework.beans.factory.support.DefaultSingletonBeanRegistry.getSingleton(DefaultSingletonBeanRegistry.java:234) ~[spring-beans-6.0.12.jar:6.0.12]
	at org.springframework.beans.factory.support.AbstractBeanFactory.doGetBean(AbstractBeanFactory.java:323) ~[spring-beans-6.0.12.jar:6.0.12]
	at org.springframework.beans.factory.support.AbstractBeanFactory.getBean(AbstractBeanFactory.java:199) ~[spring-beans-6.0.12.jar:6.0.12]
	at org.springframework.beans.factory.config.DependencyDescriptor.resolveCandidate(DependencyDescriptor.java:254) ~[spring-beans-6.0.12.jar:6.0.12]
	at org.springframework.beans.factory.support.DefaultListableBeanFactory.doResolveDependency(DefaultListableBeanFactory.java:1417) ~[spring-beans-6.0.12.jar:6.0.12]
	at org.springframework.beans.factory.support.DefaultListableBeanFactory.resolveDependency(DefaultListableBeanFactory.java:1337) ~[spring-beans-6.0.12.jar:6.0.12]
	at org.springframework.beans.factory.support.ConstructorResolver.resolveAutowiredArgument(ConstructorResolver.java:910) ~[spring-beans-6.0.12.jar:6.0.12]
	at org.springframework.beans.factory.support.ConstructorResolver.createArgumentArray(ConstructorResolver.java:788) ~[spring-beans-6.0.12.jar:6.0.12]
	... 24 common frames omitted
Caused by: org.springframework.beans.BeanInstantiationException: Failed to instantiate [kr.ch11.security.SecurityConfiguration$$SpringCGLIB$$0]: Constructor threw exception
	at org.springframework.beans.BeanUtils.instantiateClass(BeanUtils.java:224) ~[spring-beans-6.0.12.jar:6.0.12]
	at org.springframework.beans.factory.support.SimpleInstantiationStrategy.instantiate(SimpleInstantiationStrategy.java:87) ~[spring-beans-6.0.12.jar:6.0.12]
	at org.springframework.beans.factory.support.AbstractAutowireCapableBeanFactory.instantiateBean(AbstractAutowireCapableBeanFactory.java:1308) ~[spring-beans-6.0.12.jar:6.0.12]
	... 45 common frames omitted
Caused by: java.lang.Error: Unresolved compilation problems: 
	JwtProvider cannot be resolved to a type
	JwtProvider cannot be resolved to a type

	at kr.ch11.security.SecurityConfiguration.<init>(SecurityConfiguration.java:30) ~[classes/:na]
	at kr.ch11.security.SecurityConfiguration$$SpringCGLIB$$0.<init>(<generated>) ~[classes/:na]
	at java.base/jdk.internal.reflect.NativeConstructorAccessorImpl.newInstance0(Native Method) ~[na:na]
	at java.base/jdk.internal.reflect.NativeConstructorAccessorImpl.newInstance(NativeConstructorAccessorImpl.java:77) ~[na:na]
	at java.base/jdk.internal.reflect.DelegatingConstructorAccessorImpl.newInstance(DelegatingConstructorAccessorImpl.java:45) ~[na:na]
	at java.base/java.lang.reflect.Constructor.newInstanceWithCaller(Constructor.java:499) ~[na:na]
	at java.base/java.lang.reflect.Constructor.newInstance(Constructor.java:480) ~[na:na]
	at org.springframework.beans.BeanUtils.instantiateClass(BeanUtils.java:198) ~[spring-beans-6.0.12.jar:6.0.12]
	... 47 common frames omitted

2023-10-10T12:36:00.796+09:00  INFO 12944 --- [restartedMain] kr.ch11.Ch11Application                  : Starting Ch11Application using Java 17.0.8.1 with PID 12944 (C:\Users\user\Desktop\Workspace\Spring\Ch11\target\classes started by user in C:\Users\user\Desktop\Workspace\Spring\Ch11)
2023-10-10T12:36:00.796+09:00  INFO 12944 --- [restartedMain] kr.ch11.Ch11Application                  : No active profile set, falling back to 1 default profile: "default"
2023-10-10T12:36:00.877+09:00  INFO 12944 --- [restartedMain] .s.d.r.c.RepositoryConfigurationDelegate : Bootstrapping Spring Data JPA repositories in DEFAULT mode.
2023-10-10T12:36:00.880+09:00  INFO 12944 --- [restartedMain] .s.d.r.c.RepositoryConfigurationDelegate : Finished Spring Data repository scanning in 3 ms. Found 1 JPA repository interfaces.
2023-10-10T12:36:00.895+09:00  WARN 12944 --- [restartedMain] o.m.s.mapper.ClassPathMapperScanner      : No MyBatis mapper was found in '[kr.ch11]' package. Please check your configuration.
2023-10-10T12:36:00.918+09:00  INFO 12944 --- [restartedMain] o.s.b.w.embedded.tomcat.TomcatWebServer  : Tomcat initialized with port(s): 8080 (http)
2023-10-10T12:36:00.918+09:00  INFO 12944 --- [restartedMain] o.apache.catalina.core.StandardService   : Starting service [Tomcat]
2023-10-10T12:36:00.918+09:00  INFO 12944 --- [restartedMain] o.apache.catalina.core.StandardEngine    : Starting Servlet engine: [Apache Tomcat/10.1.13]
2023-10-10T12:36:00.926+09:00  INFO 12944 --- [restartedMain] o.a.c.c.C.[Tomcat-2].[localhost].[/]     : Initializing Spring embedded WebApplicationContext
2023-10-10T12:36:00.926+09:00  INFO 12944 --- [restartedMain] w.s.c.ServletWebServerApplicationContext : Root WebApplicationContext: initialization completed in 129 ms
2023-10-10T12:36:00.942+09:00  INFO 12944 --- [restartedMain] o.hibernate.jpa.internal.util.LogHelper  : HHH000204: Processing PersistenceUnitInfo [name: default]
2023-10-10T12:36:00.946+09:00  INFO 12944 --- [restartedMain] o.h.b.i.BytecodeProviderInitiator        : HHH000021: Bytecode provider name : bytebuddy
2023-10-10T12:36:00.946+09:00  INFO 12944 --- [restartedMain] o.s.o.j.p.SpringPersistenceUnitInfo      : No LoadTimeWeaver setup: ignoring JPA class transformer
2023-10-10T12:36:00.946+09:00  INFO 12944 --- [restartedMain] com.zaxxer.hikari.HikariDataSource       : HikariPool-9 - Starting...
2023-10-10T12:36:00.952+09:00  INFO 12944 --- [restartedMain] com.zaxxer.hikari.pool.HikariPool        : HikariPool-9 - Added connection com.mysql.cj.jdbc.ConnectionImpl@53468666
2023-10-10T12:36:00.952+09:00  INFO 12944 --- [restartedMain] com.zaxxer.hikari.HikariDataSource       : HikariPool-9 - Start completed.
2023-10-10T12:36:00.952+09:00  WARN 12944 --- [restartedMain] org.hibernate.orm.deprecation            : HHH90000026: MySQL57Dialect has been deprecated; use org.hibernate.dialect.MySQLDialect instead
2023-10-10T12:36:00.955+09:00  INFO 12944 --- [restartedMain] o.h.b.i.BytecodeProviderInitiator        : HHH000021: Bytecode provider name : bytebuddy
2023-10-10T12:36:00.963+09:00  INFO 12944 --- [restartedMain] o.h.e.t.j.p.i.JtaPlatformInitiator       : HHH000490: Using JtaPlatform implementation: [org.hibernate.engine.transaction.jta.platform.internal.NoJtaPlatform]
2023-10-10T12:36:00.968+09:00  INFO 12944 --- [restartedMain] j.LocalContainerEntityManagerFactoryBean : Initialized JPA EntityManagerFactory for persistence unit 'default'
2023-10-10T12:36:00.972+09:00  WARN 12944 --- [restartedMain] ConfigServletWebServerApplicationContext : Exception encountered during context initialization - cancelling refresh attempt: org.springframework.beans.factory.UnsatisfiedDependencyException: Error creating bean with name 'userController' defined in file [C:\Users\user\Desktop\Workspace\Spring\Ch11\target\classes\kr\ch11\controller\UserController.class]: Unsatisfied dependency expressed through constructor parameter 0: Error creating bean with name 'securityConfiguration' defined in file [C:\Users\user\Desktop\Workspace\Spring\Ch11\target\classes\kr\ch11\security\SecurityConfiguration.class]: Failed to instantiate [kr.ch11.security.SecurityConfiguration$$SpringCGLIB$$0]: Constructor threw exception
2023-10-10T12:36:00.972+09:00  INFO 12944 --- [restartedMain] j.LocalContainerEntityManagerFactoryBean : Closing JPA EntityManagerFactory for persistence unit 'default'
2023-10-10T12:36:00.972+09:00  INFO 12944 --- [restartedMain] com.zaxxer.hikari.HikariDataSource       : HikariPool-9 - Shutdown initiated...
2023-10-10T12:36:00.972+09:00  INFO 12944 --- [restartedMain] com.zaxxer.hikari.HikariDataSource       : HikariPool-9 - Shutdown completed.
2023-10-10T12:36:00.973+09:00  INFO 12944 --- [restartedMain] o.apache.catalina.core.StandardService   : Stopping service [Tomcat]
2023-10-10T12:36:00.975+09:00  INFO 12944 --- [restartedMain] .s.b.a.l.ConditionEvaluationReportLogger : 

Error starting ApplicationContext. To display the condition evaluation report re-run your application with 'debug' enabled.
2023-10-10T12:36:00.977+09:00 ERROR 12944 --- [restartedMain] o.s.boot.SpringApplication               : Application run failed

org.springframework.beans.factory.UnsatisfiedDependencyException: Error creating bean with name 'userController' defined in file [C:\Users\user\Desktop\Workspace\Spring\Ch11\target\classes\kr\ch11\controller\UserController.class]: Unsatisfied dependency expressed through constructor parameter 0: Error creating bean with name 'securityConfiguration' defined in file [C:\Users\user\Desktop\Workspace\Spring\Ch11\target\classes\kr\ch11\security\SecurityConfiguration.class]: Failed to instantiate [kr.ch11.security.SecurityConfiguration$$SpringCGLIB$$0]: Constructor threw exception
	at org.springframework.beans.factory.support.ConstructorResolver.createArgumentArray(ConstructorResolver.java:801) ~[spring-beans-6.0.12.jar:6.0.12]
	at org.springframework.beans.factory.support.ConstructorResolver.autowireConstructor(ConstructorResolver.java:240) ~[spring-beans-6.0.12.jar:6.0.12]
	at org.springframework.beans.factory.support.AbstractAutowireCapableBeanFactory.autowireConstructor(AbstractAutowireCapableBeanFactory.java:1352) ~[spring-beans-6.0.12.jar:6.0.12]
	at org.springframework.beans.factory.support.AbstractAutowireCapableBeanFactory.createBeanInstance(AbstractAutowireCapableBeanFactory.java:1189) ~[spring-beans-6.0.12.jar:6.0.12]
	at org.springframework.beans.factory.support.AbstractAutowireCapableBeanFactory.doCreateBean(AbstractAutowireCapableBeanFactory.java:560) ~[spring-beans-6.0.12.jar:6.0.12]
	at org.springframework.beans.factory.support.AbstractAutowireCapableBeanFactory.createBean(AbstractAutowireCapableBeanFactory.java:520) ~[spring-beans-6.0.12.jar:6.0.12]
	at org.springframework.beans.factory.support.AbstractBeanFactory.lambda$doGetBean$0(AbstractBeanFactory.java:325) ~[spring-beans-6.0.12.jar:6.0.12]
	at org.springframework.beans.factory.support.DefaultSingletonBeanRegistry.getSingleton(DefaultSingletonBeanRegistry.java:234) ~[spring-beans-6.0.12.jar:6.0.12]
	at org.springframework.beans.factory.support.AbstractBeanFactory.doGetBean(AbstractBeanFactory.java:323) ~[spring-beans-6.0.12.jar:6.0.12]
	at org.springframework.beans.factory.support.AbstractBeanFactory.getBean(AbstractBeanFactory.java:199) ~[spring-beans-6.0.12.jar:6.0.12]
	at org.springframework.beans.factory.support.DefaultListableBeanFactory.preInstantiateSingletons(DefaultListableBeanFactory.java:973) ~[spring-beans-6.0.12.jar:6.0.12]
	at org.springframework.context.support.AbstractApplicationContext.finishBeanFactoryInitialization(AbstractApplicationContext.java:942) ~[spring-context-6.0.12.jar:6.0.12]
	at org.springframework.context.support.AbstractApplicationContext.refresh(AbstractApplicationContext.java:608) ~[spring-context-6.0.12.jar:6.0.12]
	at org.springframework.boot.web.servlet.context.ServletWebServerApplicationContext.refresh(ServletWebServerApplicationContext.java:146) ~[spring-boot-3.1.4.jar:3.1.4]
	at org.springframework.boot.SpringApplication.refresh(SpringApplication.java:737) ~[spring-boot-3.1.4.jar:3.1.4]
	at org.springframework.boot.SpringApplication.refreshContext(SpringApplication.java:439) ~[spring-boot-3.1.4.jar:3.1.4]
	at org.springframework.boot.SpringApplication.run(SpringApplication.java:315) ~[spring-boot-3.1.4.jar:3.1.4]
	at org.springframework.boot.SpringApplication.run(SpringApplication.java:1309) ~[spring-boot-3.1.4.jar:3.1.4]
	at org.springframework.boot.SpringApplication.run(SpringApplication.java:1298) ~[spring-boot-3.1.4.jar:3.1.4]
	at kr.ch11.Ch11Application.main(Ch11Application.java:10) ~[classes/:na]
	at java.base/jdk.internal.reflect.NativeMethodAccessorImpl.invoke0(Native Method) ~[na:na]
	at java.base/jdk.internal.reflect.NativeMethodAccessorImpl.invoke(NativeMethodAccessorImpl.java:77) ~[na:na]
	at java.base/jdk.internal.reflect.DelegatingMethodAccessorImpl.invoke(DelegatingMethodAccessorImpl.java:43) ~[na:na]
	at java.base/java.lang.reflect.Method.invoke(Method.java:568) ~[na:na]
	at org.springframework.boot.devtools.restart.RestartLauncher.run(RestartLauncher.java:50) ~[spring-boot-devtools-3.1.4.jar:3.1.4]
Caused by: org.springframework.beans.factory.BeanCreationException: Error creating bean with name 'securityConfiguration' defined in file [C:\Users\user\Desktop\Workspace\Spring\Ch11\target\classes\kr\ch11\security\SecurityConfiguration.class]: Failed to instantiate [kr.ch11.security.SecurityConfiguration$$SpringCGLIB$$0]: Constructor threw exception
	at org.springframework.beans.factory.support.AbstractAutowireCapableBeanFactory.instantiateBean(AbstractAutowireCapableBeanFactory.java:1314) ~[spring-beans-6.0.12.jar:6.0.12]
	at org.springframework.beans.factory.support.AbstractAutowireCapableBeanFactory.createBeanInstance(AbstractAutowireCapableBeanFactory.java:1199) ~[spring-beans-6.0.12.jar:6.0.12]
	at org.springframework.beans.factory.support.AbstractAutowireCapableBeanFactory.doCreateBean(AbstractAutowireCapableBeanFactory.java:560) ~[spring-beans-6.0.12.jar:6.0.12]
	at org.springframework.beans.factory.support.AbstractAutowireCapableBeanFactory.createBean(AbstractAutowireCapableBeanFactory.java:520) ~[spring-beans-6.0.12.jar:6.0.12]
	at org.springframework.beans.factory.support.AbstractBeanFactory.lambda$doGetBean$0(AbstractBeanFactory.java:325) ~[spring-beans-6.0.12.jar:6.0.12]
	at org.springframework.beans.factory.support.DefaultSingletonBeanRegistry.getSingleton(DefaultSingletonBeanRegistry.java:234) ~[spring-beans-6.0.12.jar:6.0.12]
	at org.springframework.beans.factory.support.AbstractBeanFactory.doGetBean(AbstractBeanFactory.java:323) ~[spring-beans-6.0.12.jar:6.0.12]
	at org.springframework.beans.factory.support.AbstractBeanFactory.getBean(AbstractBeanFactory.java:199) ~[spring-beans-6.0.12.jar:6.0.12]
	at org.springframework.beans.factory.support.ConstructorResolver.instantiateUsingFactoryMethod(ConstructorResolver.java:412) ~[spring-beans-6.0.12.jar:6.0.12]
	at org.springframework.beans.factory.support.AbstractAutowireCapableBeanFactory.instantiateUsingFactoryMethod(AbstractAutowireCapableBeanFactory.java:1332) ~[spring-beans-6.0.12.jar:6.0.12]
	at org.springframework.beans.factory.support.AbstractAutowireCapableBeanFactory.createBeanInstance(AbstractAutowireCapableBeanFactory.java:1162) ~[spring-beans-6.0.12.jar:6.0.12]
	at org.springframework.beans.factory.support.AbstractAutowireCapableBeanFactory.doCreateBean(AbstractAutowireCapableBeanFactory.java:560) ~[spring-beans-6.0.12.jar:6.0.12]
	at org.springframework.beans.factory.support.AbstractAutowireCapableBeanFactory.createBean(AbstractAutowireCapableBeanFactory.java:520) ~[spring-beans-6.0.12.jar:6.0.12]
	at org.springframework.beans.factory.support.AbstractBeanFactory.lambda$doGetBean$0(AbstractBeanFactory.java:325) ~[spring-beans-6.0.12.jar:6.0.12]
	at org.springframework.beans.factory.support.DefaultSingletonBeanRegistry.getSingleton(DefaultSingletonBeanRegistry.java:234) ~[spring-beans-6.0.12.jar:6.0.12]
	at org.springframework.beans.factory.support.AbstractBeanFactory.doGetBean(AbstractBeanFactory.java:323) ~[spring-beans-6.0.12.jar:6.0.12]
	at org.springframework.beans.factory.support.AbstractBeanFactory.getBean(AbstractBeanFactory.java:199) ~[spring-beans-6.0.12.jar:6.0.12]
	at org.springframework.beans.factory.config.DependencyDescriptor.resolveCandidate(DependencyDescriptor.java:254) ~[spring-beans-6.0.12.jar:6.0.12]
	at org.springframework.beans.factory.support.DefaultListableBeanFactory.doResolveDependency(DefaultListableBeanFactory.java:1417) ~[spring-beans-6.0.12.jar:6.0.12]
	at org.springframework.beans.factory.support.DefaultListableBeanFactory.resolveDependency(DefaultListableBeanFactory.java:1337) ~[spring-beans-6.0.12.jar:6.0.12]
	at org.springframework.beans.factory.support.ConstructorResolver.resolveAutowiredArgument(ConstructorResolver.java:910) ~[spring-beans-6.0.12.jar:6.0.12]
	at org.springframework.beans.factory.support.ConstructorResolver.createArgumentArray(ConstructorResolver.java:788) ~[spring-beans-6.0.12.jar:6.0.12]
	... 24 common frames omitted
Caused by: org.springframework.beans.BeanInstantiationException: Failed to instantiate [kr.ch11.security.SecurityConfiguration$$SpringCGLIB$$0]: Constructor threw exception
	at org.springframework.beans.BeanUtils.instantiateClass(BeanUtils.java:224) ~[spring-beans-6.0.12.jar:6.0.12]
	at org.springframework.beans.factory.support.SimpleInstantiationStrategy.instantiate(SimpleInstantiationStrategy.java:87) ~[spring-beans-6.0.12.jar:6.0.12]
	at org.springframework.beans.factory.support.AbstractAutowireCapableBeanFactory.instantiateBean(AbstractAutowireCapableBeanFactory.java:1308) ~[spring-beans-6.0.12.jar:6.0.12]
	... 45 common frames omitted
Caused by: java.lang.Error: Unresolved compilation problems: 
	JwtProvider cannot be resolved to a type
	JwtProvider cannot be resolved to a type

	at kr.ch11.security.SecurityConfiguration.<init>(SecurityConfiguration.java:30) ~[classes/:na]
	at kr.ch11.security.SecurityConfiguration$$SpringCGLIB$$0.<init>(<generated>) ~[classes/:na]
	at java.base/jdk.internal.reflect.NativeConstructorAccessorImpl.newInstance0(Native Method) ~[na:na]
	at java.base/jdk.internal.reflect.NativeConstructorAccessorImpl.newInstance(NativeConstructorAccessorImpl.java:77) ~[na:na]
	at java.base/jdk.internal.reflect.DelegatingConstructorAccessorImpl.newInstance(DelegatingConstructorAccessorImpl.java:45) ~[na:na]
	at java.base/java.lang.reflect.Constructor.newInstanceWithCaller(Constructor.java:499) ~[na:na]
	at java.base/java.lang.reflect.Constructor.newInstance(Constructor.java:480) ~[na:na]
	at org.springframework.beans.BeanUtils.instantiateClass(BeanUtils.java:198) ~[spring-beans-6.0.12.jar:6.0.12]
	... 47 common frames omitted

2023-10-10T12:36:09.543+09:00  INFO 12944 --- [restartedMain] kr.ch11.Ch11Application                  : Starting Ch11Application using Java 17.0.8.1 with PID 12944 (C:\Users\user\Desktop\Workspace\Spring\Ch11\target\classes started by user in C:\Users\user\Desktop\Workspace\Spring\Ch11)
2023-10-10T12:36:09.544+09:00  INFO 12944 --- [restartedMain] kr.ch11.Ch11Application                  : No active profile set, falling back to 1 default profile: "default"
2023-10-10T12:36:09.625+09:00  INFO 12944 --- [restartedMain] .s.d.r.c.RepositoryConfigurationDelegate : Bootstrapping Spring Data JPA repositories in DEFAULT mode.
2023-10-10T12:36:09.629+09:00  INFO 12944 --- [restartedMain] .s.d.r.c.RepositoryConfigurationDelegate : Finished Spring Data repository scanning in 3 ms. Found 1 JPA repository interfaces.
2023-10-10T12:36:09.644+09:00  WARN 12944 --- [restartedMain] o.m.s.mapper.ClassPathMapperScanner      : No MyBatis mapper was found in '[kr.ch11]' package. Please check your configuration.
2023-10-10T12:36:09.672+09:00  INFO 12944 --- [restartedMain] o.s.b.w.embedded.tomcat.TomcatWebServer  : Tomcat initialized with port(s): 8080 (http)
2023-10-10T12:36:09.672+09:00  INFO 12944 --- [restartedMain] o.apache.catalina.core.StandardService   : Starting service [Tomcat]
2023-10-10T12:36:09.672+09:00  INFO 12944 --- [restartedMain] o.apache.catalina.core.StandardEngine    : Starting Servlet engine: [Apache Tomcat/10.1.13]
2023-10-10T12:36:09.680+09:00  INFO 12944 --- [restartedMain] o.a.c.c.C.[Tomcat-3].[localhost].[/]     : Initializing Spring embedded WebApplicationContext
2023-10-10T12:36:09.680+09:00  INFO 12944 --- [restartedMain] w.s.c.ServletWebServerApplicationContext : Root WebApplicationContext: initialization completed in 136 ms
2023-10-10T12:36:09.696+09:00  INFO 12944 --- [restartedMain] o.hibernate.jpa.internal.util.LogHelper  : HHH000204: Processing PersistenceUnitInfo [name: default]
2023-10-10T12:36:09.700+09:00  INFO 12944 --- [restartedMain] o.h.b.i.BytecodeProviderInitiator        : HHH000021: Bytecode provider name : bytebuddy
2023-10-10T12:36:09.700+09:00  INFO 12944 --- [restartedMain] o.s.o.j.p.SpringPersistenceUnitInfo      : No LoadTimeWeaver setup: ignoring JPA class transformer
2023-10-10T12:36:09.700+09:00  INFO 12944 --- [restartedMain] com.zaxxer.hikari.HikariDataSource       : HikariPool-10 - Starting...
2023-10-10T12:36:09.706+09:00  INFO 12944 --- [restartedMain] com.zaxxer.hikari.pool.HikariPool        : HikariPool-10 - Added connection com.mysql.cj.jdbc.ConnectionImpl@4c21a10f
2023-10-10T12:36:09.706+09:00  INFO 12944 --- [restartedMain] com.zaxxer.hikari.HikariDataSource       : HikariPool-10 - Start completed.
2023-10-10T12:36:09.706+09:00  WARN 12944 --- [restartedMain] org.hibernate.orm.deprecation            : HHH90000026: MySQL57Dialect has been deprecated; use org.hibernate.dialect.MySQLDialect instead
2023-10-10T12:36:09.709+09:00  INFO 12944 --- [restartedMain] o.h.b.i.BytecodeProviderInitiator        : HHH000021: Bytecode provider name : bytebuddy
2023-10-10T12:36:09.717+09:00  INFO 12944 --- [restartedMain] o.h.e.t.j.p.i.JtaPlatformInitiator       : HHH000490: Using JtaPlatform implementation: [org.hibernate.engine.transaction.jta.platform.internal.NoJtaPlatform]
2023-10-10T12:36:09.722+09:00  INFO 12944 --- [restartedMain] j.LocalContainerEntityManagerFactoryBean : Initialized JPA EntityManagerFactory for persistence unit 'default'
2023-10-10T12:36:09.749+09:00  WARN 12944 --- [restartedMain] JpaBaseConfiguration$JpaWebConfiguration : spring.jpa.open-in-view is enabled by default. Therefore, database queries may be performed during view rendering. Explicitly configure spring.jpa.open-in-view to disable this warning
2023-10-10T12:36:09.754+09:00  INFO 12944 --- [restartedMain] o.s.b.a.w.s.WelcomePageHandlerMapping    : Adding welcome page template: index
2023-10-10T12:36:09.773+09:00  INFO 12944 --- [restartedMain] o.s.s.web.DefaultSecurityFilterChain     : Will secure any request with [org.springframework.security.web.session.DisableEncodeUrlFilter@16e4ba3f, org.springframework.security.web.context.request.async.WebAsyncManagerIntegrationFilter@3b545af1, org.springframework.security.web.context.SecurityContextHolderFilter@1265e9ec, org.springframework.security.web.header.HeaderWriterFilter@42e526fa, org.springframework.security.web.authentication.logout.LogoutFilter@19a6877d, kr.ch11.jwt.JwtAuthenticationFilter@18d31863, org.springframework.security.web.savedrequest.RequestCacheAwareFilter@61f348c8, org.springframework.security.web.servletapi.SecurityContextHolderAwareRequestFilter@aca60fa, org.springframework.security.web.authentication.AnonymousAuthenticationFilter@41328b4f, org.springframework.security.web.session.SessionManagementFilter@28b0cca9, org.springframework.security.web.access.ExceptionTranslationFilter@5254362e, org.springframework.security.web.access.intercept.AuthorizationFilter@3bfc589e]
2023-10-10T12:36:09.796+09:00  INFO 12944 --- [restartedMain] o.s.b.d.a.OptionalLiveReloadServer       : LiveReload server is running on port 35729
2023-10-10T12:36:09.801+09:00  INFO 12944 --- [restartedMain] o.s.b.w.embedded.tomcat.TomcatWebServer  : Tomcat started on port(s): 8080 (http) with context path ''
2023-10-10T12:36:09.803+09:00  INFO 12944 --- [restartedMain] kr.ch11.Ch11Application                  : Started Ch11Application in 0.269 seconds (process running for 936.83)
2023-10-10T12:36:09.803+09:00  INFO 12944 --- [restartedMain] .ConditionEvaluationDeltaLoggingListener : Condition evaluation unchanged
2023-10-10T12:36:11.513+09:00  INFO 12944 --- [http-nio-8080-exec-2] o.a.c.c.C.[Tomcat-3].[localhost].[/]     : Initializing Spring DispatcherServlet 'dispatcherServlet'
2023-10-10T12:36:11.513+09:00  INFO 12944 --- [http-nio-8080-exec-2] o.s.web.servlet.DispatcherServlet        : Initializing Servlet 'dispatcherServlet'
2023-10-10T12:36:11.514+09:00  INFO 12944 --- [http-nio-8080-exec-2] o.s.web.servlet.DispatcherServlet        : Completed initialization in 1 ms
2023-10-10T12:36:11.514+09:00 DEBUG 12944 --- [http-nio-8080-exec-2] o.s.security.web.FilterChainProxy        : Securing GET /login
2023-10-10T12:36:11.515+09:00  INFO 12944 --- [http-nio-8080-exec-2] kr.ch11.jwt.JwtAuthenticationFilter      : JwtAuthenticationFilter...1
2023-10-10T12:36:11.515+09:00  INFO 12944 --- [http-nio-8080-exec-2] kr.ch11.jwt.JwtAuthenticationFilter      : JwtAuthenticationFilter...2 : Bearer eyJ0eXAiOiJKV1QiLCJhbGciOiJIUzI1NiJ9.eyJpc3MiOiJ3bnMwNTY5QGdtYWlsZS5jb20iLCJpYXQiOjE2OTY5MDgxMTQsImV4cCI6MTY5Njk5NDUxNCwidWlkIjoiYTEwMSIsInJvbGUiOiJBRE1JTiJ9.2g_0MX0_o1bIyz9FaByvJjEJwdtnkVEMgTTwxALfMVY
2023-10-10T12:36:11.515+09:00  INFO 12944 --- [http-nio-8080-exec-2] kr.ch11.jwt.JwtAuthenticationFilter      : JwtAuthenticationFilter...3 : eyJ0eXAiOiJKV1QiLCJhbGciOiJIUzI1NiJ9.eyJpc3MiOiJ3bnMwNTY5QGdtYWlsZS5jb20iLCJpYXQiOjE2OTY5MDgxMTQsImV4cCI6MTY5Njk5NDUxNCwidWlkIjoiYTEwMSIsInJvbGUiOiJBRE1JTiJ9.2g_0MX0_o1bIyz9FaByvJjEJwdtnkVEMgTTwxALfMVY
2023-10-10T12:36:11.527+09:00  INFO 12944 --- [http-nio-8080-exec-2] kr.ch11.jwt.JwtAuthenticationFilter      : JwtAuthenticationFilter...4 : 
2023-10-10T12:36:11.530+09:00 DEBUG 12944 --- [http-nio-8080-exec-2] o.s.security.web.FilterChainProxy        : Secured GET /login
2023-10-10T12:36:11.530+09:00  INFO 12944 --- [http-nio-8080-exec-2] kr.ch11.jwt.JwtAuthenticationFilter      : JwtAuthenticationFilter...1
2023-10-10T12:36:11.530+09:00  INFO 12944 --- [http-nio-8080-exec-2] kr.ch11.jwt.JwtAuthenticationFilter      : JwtAuthenticationFilter...2 : Bearer eyJ0eXAiOiJKV1QiLCJhbGciOiJIUzI1NiJ9.eyJpc3MiOiJ3bnMwNTY5QGdtYWlsZS5jb20iLCJpYXQiOjE2OTY5MDgxMTQsImV4cCI6MTY5Njk5NDUxNCwidWlkIjoiYTEwMSIsInJvbGUiOiJBRE1JTiJ9.2g_0MX0_o1bIyz9FaByvJjEJwdtnkVEMgTTwxALfMVY
2023-10-10T12:36:11.530+09:00  INFO 12944 --- [http-nio-8080-exec-2] kr.ch11.jwt.JwtAuthenticationFilter      : JwtAuthenticationFilter...3 : eyJ0eXAiOiJKV1QiLCJhbGciOiJIUzI1NiJ9.eyJpc3MiOiJ3bnMwNTY5QGdtYWlsZS5jb20iLCJpYXQiOjE2OTY5MDgxMTQsImV4cCI6MTY5Njk5NDUxNCwidWlkIjoiYTEwMSIsInJvbGUiOiJBRE1JTiJ9.2g_0MX0_o1bIyz9FaByvJjEJwdtnkVEMgTTwxALfMVY
2023-10-10T12:36:11.531+09:00  INFO 12944 --- [http-nio-8080-exec-2] kr.ch11.jwt.JwtAuthenticationFilter      : JwtAuthenticationFilter...4 : 
2023-10-10T12:36:11.532+09:00  WARN 12944 --- [http-nio-8080-exec-2] .w.s.m.s.DefaultHandlerExceptionResolver : Resolved [org.springframework.web.HttpRequestMethodNotSupportedException: Request method 'GET' is not supported]
2023-10-10T12:36:11.533+09:00 DEBUG 12944 --- [http-nio-8080-exec-2] o.s.security.web.FilterChainProxy        : Securing GET /error
2023-10-10T12:36:11.533+09:00 DEBUG 12944 --- [http-nio-8080-exec-2] o.s.security.web.FilterChainProxy        : Secured GET /error
2023-10-10T12:36:11.535+09:00 DEBUG 12944 --- [http-nio-8080-exec-2] o.s.s.w.a.AnonymousAuthenticationFilter  : Set SecurityContextHolder to anonymous SecurityContext
2023-10-10T12:41:30.047+09:00 DEBUG 12944 --- [http-nio-8080-exec-5] o.s.security.web.FilterChainProxy        : Securing GET /
2023-10-10T12:41:30.047+09:00  INFO 12944 --- [http-nio-8080-exec-5] kr.ch11.jwt.JwtAuthenticationFilter      : JwtAuthenticationFilter...1
2023-10-10T12:41:30.047+09:00  INFO 12944 --- [http-nio-8080-exec-5] kr.ch11.jwt.JwtAuthenticationFilter      : JwtAuthenticationFilter...2 : null
2023-10-10T12:41:30.047+09:00  INFO 12944 --- [http-nio-8080-exec-5] kr.ch11.jwt.JwtAuthenticationFilter      : JwtAuthenticationFilter...3 : null
2023-10-10T12:41:30.047+09:00 DEBUG 12944 --- [http-nio-8080-exec-5] o.s.s.w.a.AnonymousAuthenticationFilter  : Set SecurityContextHolder to anonymous SecurityContext
2023-10-10T12:41:30.047+09:00 DEBUG 12944 --- [http-nio-8080-exec-5] o.s.security.web.FilterChainProxy        : Secured GET /
2023-10-10T12:41:30.047+09:00  INFO 12944 --- [http-nio-8080-exec-5] kr.ch11.jwt.JwtAuthenticationFilter      : JwtAuthenticationFilter...1
2023-10-10T12:41:30.047+09:00  INFO 12944 --- [http-nio-8080-exec-5] kr.ch11.jwt.JwtAuthenticationFilter      : JwtAuthenticationFilter...2 : null
2023-10-10T12:41:30.047+09:00  INFO 12944 --- [http-nio-8080-exec-5] kr.ch11.jwt.JwtAuthenticationFilter      : JwtAuthenticationFilter...3 : null
2023-10-10T12:43:04.401+09:00  INFO 15628 --- [main] kr.ch11.Ch11ApplicationTests             : Starting Ch11ApplicationTests using Java 17.0.8.1 with PID 15628 (started by user in C:\Users\user\Desktop\Workspace\Spring\Ch11)
2023-10-10T12:43:04.402+09:00  INFO 15628 --- [main] kr.ch11.Ch11ApplicationTests             : No active profile set, falling back to 1 default profile: "default"
2023-10-10T12:43:04.749+09:00  INFO 15628 --- [main] .s.d.r.c.RepositoryConfigurationDelegate : Bootstrapping Spring Data JPA repositories in DEFAULT mode.
2023-10-10T12:43:04.780+09:00  INFO 15628 --- [main] .s.d.r.c.RepositoryConfigurationDelegate : Finished Spring Data repository scanning in 24 ms. Found 1 JPA repository interfaces.
2023-10-10T12:43:04.848+09:00  WARN 15628 --- [main] o.m.s.mapper.ClassPathMapperScanner      : No MyBatis mapper was found in '[kr.ch11]' package. Please check your configuration.
2023-10-10T12:43:05.079+09:00  INFO 15628 --- [main] o.hibernate.jpa.internal.util.LogHelper  : HHH000204: Processing PersistenceUnitInfo [name: default]
2023-10-10T12:43:05.111+09:00  INFO 15628 --- [main] org.hibernate.Version                    : HHH000412: Hibernate ORM core version 6.2.9.Final
2023-10-10T12:43:05.113+09:00  INFO 15628 --- [main] org.hibernate.cfg.Environment            : HHH000406: Using bytecode reflection optimizer
2023-10-10T12:43:05.208+09:00  INFO 15628 --- [main] o.h.b.i.BytecodeProviderInitiator        : HHH000021: Bytecode provider name : bytebuddy
2023-10-10T12:43:05.280+09:00  INFO 15628 --- [main] o.s.o.j.p.SpringPersistenceUnitInfo      : No LoadTimeWeaver setup: ignoring JPA class transformer
2023-10-10T12:43:05.292+09:00  INFO 15628 --- [main] com.zaxxer.hikari.HikariDataSource       : HikariPool-1 - Starting...
2023-10-10T12:43:05.539+09:00  INFO 15628 --- [main] com.zaxxer.hikari.pool.HikariPool        : HikariPool-1 - Added connection com.mysql.cj.jdbc.ConnectionImpl@1029cf9
2023-10-10T12:43:05.540+09:00  INFO 15628 --- [main] com.zaxxer.hikari.HikariDataSource       : HikariPool-1 - Start completed.
2023-10-10T12:43:05.562+09:00  WARN 15628 --- [main] org.hibernate.orm.deprecation            : HHH90000026: MySQL57Dialect has been deprecated; use org.hibernate.dialect.MySQLDialect instead
2023-10-10T12:43:05.665+09:00  INFO 15628 --- [main] o.h.b.i.BytecodeProviderInitiator        : HHH000021: Bytecode provider name : bytebuddy
2023-10-10T12:43:06.021+09:00  INFO 15628 --- [main] o.h.e.t.j.p.i.JtaPlatformInitiator       : HHH000490: Using JtaPlatform implementation: [org.hibernate.engine.transaction.jta.platform.internal.NoJtaPlatform]
2023-10-10T12:43:06.050+09:00  INFO 15628 --- [main] j.LocalContainerEntityManagerFactoryBean : Initialized JPA EntityManagerFactory for persistence unit 'default'
2023-10-10T12:43:06.325+09:00  WARN 15628 --- [main] JpaBaseConfiguration$JpaWebConfiguration : spring.jpa.open-in-view is enabled by default. Therefore, database queries may be performed during view rendering. Explicitly configure spring.jpa.open-in-view to disable this warning
2023-10-10T12:43:06.423+09:00  INFO 15628 --- [main] o.s.s.web.DefaultSecurityFilterChain     : Will secure any request with [org.springframework.security.web.session.DisableEncodeUrlFilter@4d2f8ee7, org.springframework.security.web.context.request.async.WebAsyncManagerIntegrationFilter@593e594f, org.springframework.security.web.context.SecurityContextHolderFilter@7e1ce99c, org.springframework.security.web.header.HeaderWriterFilter@2ddb6c71, org.springframework.security.web.authentication.logout.LogoutFilter@307e9c02, kr.ch11.jwt.JwtAuthenticationFilter@3a1e5fa7, org.springframework.security.web.savedrequest.RequestCacheAwareFilter@209d0037, org.springframework.security.web.servletapi.SecurityContextHolderAwareRequestFilter@6889e714, org.springframework.security.web.authentication.AnonymousAuthenticationFilter@7866fe3e, org.springframework.security.web.session.SessionManagementFilter@6c569caf, org.springframework.security.web.access.ExceptionTranslationFilter@159a0f0e, org.springframework.security.web.access.intercept.AuthorizationFilter@4bdbfbc6]
2023-10-10T12:43:06.596+09:00  INFO 15628 --- [main] o.s.b.a.w.s.WelcomePageHandlerMapping    : Adding welcome page template: index
2023-10-10T12:43:06.887+09:00  INFO 15628 --- [main] kr.ch11.Ch11ApplicationTests             : Started Ch11ApplicationTests in 2.665 seconds (process running for 3.258)
2023-10-10T12:43:07.254+09:00  INFO 15628 --- [main] t.c.s.AnnotationConfigContextLoaderUtils : Could not detect default configuration classes for test class [kr.ch11.jwt.JwtProviderTests]: JwtProviderTests does not declare any static, non-private, non-final, nested classes annotated with @Configuration.
2023-10-10T12:43:07.257+09:00  INFO 15628 --- [main] .b.t.c.SpringBootTestContextBootstrapper : Found @SpringBootConfiguration kr.ch11.Ch11Application for test class kr.ch11.jwt.JwtProviderTests
2023-10-10T12:43:07.342+09:00  INFO 15628 --- [SpringApplicationShutdownHook] j.LocalContainerEntityManagerFactoryBean : Closing JPA EntityManagerFactory for persistence unit 'default'
2023-10-10T12:43:07.343+09:00  INFO 15628 --- [SpringApplicationShutdownHook] com.zaxxer.hikari.HikariDataSource       : HikariPool-1 - Shutdown initiated...
2023-10-10T12:43:07.348+09:00  INFO 15628 --- [SpringApplicationShutdownHook] com.zaxxer.hikari.HikariDataSource       : HikariPool-1 - Shutdown completed.
2023-10-10T14:05:08.989+09:00  INFO 12944 --- [RMI TCP Connection(109)-127.0.0.1] inMXBeanRegistrar$SpringApplicationAdmin : Application shutdown requested.
2023-10-10T14:05:08.992+09:00  INFO 12944 --- [RMI TCP Connection(109)-127.0.0.1] o.apache.catalina.core.StandardService   : Stopping service [Tomcat]
2023-10-10T14:05:08.992+09:00  INFO 12944 --- [RMI TCP Connection(109)-127.0.0.1] o.a.c.c.C.[Tomcat-3].[localhost].[/]     : Destroying Spring FrameworkServlet 'dispatcherServlet'
2023-10-10T14:05:08.994+09:00  INFO 12944 --- [RMI TCP Connection(109)-127.0.0.1] j.LocalContainerEntityManagerFactoryBean : Closing JPA EntityManagerFactory for persistence unit 'default'
2023-10-10T14:05:08.995+09:00  INFO 12944 --- [RMI TCP Connection(109)-127.0.0.1] com.zaxxer.hikari.HikariDataSource       : HikariPool-10 - Shutdown initiated...
2023-10-10T14:05:08.997+09:00  INFO 12944 --- [RMI TCP Connection(109)-127.0.0.1] com.zaxxer.hikari.HikariDataSource       : HikariPool-10 - Shutdown completed.
